2025-10-28 18:10:08,297 - INFO - Script started in single-series mode for directory: C:\Tools\Rename Series
2025-10-28 18:10:14,478 - INFO - Script started in single-series mode for directory: C:\Tools\Rename Series
2025-10-28 18:10:15,444 - INFO - Series confirmed for this run: Dare Me (ID: 371978)
2025-10-28 18:10:16,093 - INFO - Cached 10 episodes for series ID 371978.
2025-10-28 18:10:16,094 - WARNING - Skipped 'Daniel Tiger's Neighborhood - S03E02 - Firefighters at School + Daniel's Doll.mkv' due to incomplete title match.
2025-10-28 18:10:16,094 - WARNING - Skipped 'Daniel Tiger's Neighborhood - S03E05 - daniel and margaret play school + treasure hunt at the castle.mp4' due to incomplete title match.
2025-10-28 18:10:16,095 - WARNING - Skipped 'Daniel Tiger's Neighborhood - S03E05-E06 - daniel and margaret play school + treasure hunt at the castle - Copy.mp4' due to incomplete title match.
2025-10-28 18:10:16,095 - WARNING - Skipped 'Daniel Tiger's Neighborhood - S03E31-E32 - Firefighters at School + Daniel's Doll.mkv' due to incomplete title match.
2025-10-28 18:10:16,095 - WARNING - Skipped 'Daniel Tiger's Neighborhood - S03E43-E44 - Daniel Doesn't Want To Go Potty + Daniel Sits On The Potty.mkv' due to incomplete title match.
2025-10-28 18:10:16,095 - INFO - Script finished.
2025-10-28 18:10:49,080 - INFO - Script started in single-series mode for directory: C:\Tools\Rename Series
2025-10-28 18:10:49,506 - INFO - Series confirmed for this run: Dare Me (ID: 371978)
2025-10-28 18:10:50,062 - INFO - Cached 10 episodes for series ID 371978.
2025-10-28 18:10:50,063 - WARNING - Skipped 'Daniel Tiger's Neighborhood - S03E02 - Firefighters at School + Daniel's Doll.mkv' due to incomplete title match.
2025-10-28 18:10:50,064 - WARNING - Skipped 'Daniel Tiger's Neighborhood - S03E05 - daniel and margaret play school + treasure hunt at the castle.mp4' due to incomplete title match.
2025-10-28 18:10:50,064 - WARNING - Skipped 'Daniel Tiger's Neighborhood - S03E05-E06 - daniel and margaret play school + treasure hunt at the castle - Copy.mp4' due to incomplete title match.
2025-10-28 18:10:50,064 - WARNING - Skipped 'Daniel Tiger's Neighborhood - S03E31-E32 - Firefighters at School + Daniel's Doll.mkv' due to incomplete title match.
2025-10-28 18:10:50,064 - WARNING - Skipped 'Daniel Tiger's Neighborhood - S03E43-E44 - Daniel Doesn't Want To Go Potty + Daniel Sits On The Potty.mkv' due to incomplete title match.
2025-10-28 18:10:50,064 - INFO - Script finished.
2025-10-28 18:24:13,674 - INFO - Script started in single-series mode for directory: C:\Tools\Rename Series
2025-10-28 18:24:14,160 - INFO - Series confirmed for this run: Dare Me (ID: 371978)
2025-10-28 18:24:14,819 - INFO - Cached 10 episodes for series ID 371978.
2025-10-28 18:24:14,821 - WARNING - Skipped 'Abuela_s Birthday_Cat Mail.mp4' due to incomplete title match.
2025-10-28 18:24:14,822 - WARNING - Skipped 'Daniel Tiger's Neighborhood - S03E02 - Firefighters at School + Daniel's Doll.mkv' due to incomplete title match.
2025-10-28 18:24:14,823 - WARNING - Skipped 'Daniel Tiger's Neighborhood - S03E05 - daniel and margaret play school + treasure hunt at the castle.mp4' due to incomplete title match.
2025-10-28 18:24:14,825 - WARNING - Skipped 'Daniel Tiger's Neighborhood - S03E05-E06 - daniel and margaret play school + treasure hunt at the castle - Copy.mp4' due to incomplete title match.
2025-10-28 18:24:14,826 - WARNING - Skipped 'Daniel Tiger's Neighborhood - S03E31-E32 - Firefighters at School + Daniel's Doll.mkv' due to incomplete title match.
2025-10-28 18:24:14,828 - WARNING - Skipped 'Daniel Tiger's Neighborhood - S03E43-E44 - Daniel Doesn't Want To Go Potty + Daniel Sits On The Potty.mkv' due to incomplete title match.
2025-10-28 18:24:14,828 - INFO - Script finished.
2025-10-28 18:25:47,854 - INFO - Script started in single-series mode for directory: C:\Tools\Rename Series\Rosie's Rules
2025-10-28 18:25:48,203 - INFO - Series confirmed for this run: Rosie's Rules (ID: 425455)
2025-10-28 18:25:49,021 - INFO - Cached 89 episodes for series ID 425455.
2025-10-28 18:25:49,023 - INFO - Renamed 'Abuela_s Birthday_Cat Mail.mp4' to 'Rosie's Rules - S01E01 - Abuela's Birthday.mp4'.
2025-10-28 18:25:49,023 - INFO - Script finished.
2025-10-28 18:26:52,482 - INFO - Script started in single-series mode for directory: C:\Tools\Rename Series\Rosie's Rules
2025-10-28 18:27:04,282 - INFO - Script started in single-series mode for directory: C:\Tools\Rename Series
2025-10-28 18:27:04,653 - INFO - Series confirmed for this run: Dare Me (ID: 371978)
2025-10-28 18:27:05,337 - INFO - Cached 10 episodes for series ID 371978.
2025-10-28 18:27:05,341 - WARNING - Skipped 'Daniel Tiger's Neighborhood - S03E02 - Firefighters at School + Daniel's Doll.mkv' due to incomplete title match.
2025-10-28 18:27:05,343 - WARNING - Skipped 'Daniel Tiger's Neighborhood - S03E05 - daniel and margaret play school + treasure hunt at the castle.mp4' due to incomplete title match.
2025-10-28 18:27:05,346 - WARNING - Skipped 'Daniel Tiger's Neighborhood - S03E05-E06 - daniel and margaret play school + treasure hunt at the castle - Copy.mp4' due to incomplete title match.
2025-10-28 18:27:05,348 - WARNING - Skipped 'Daniel Tiger's Neighborhood - S03E31-E32 - Firefighters at School + Daniel's Doll.mkv' due to incomplete title match.
2025-10-28 18:27:05,351 - WARNING - Skipped 'Daniel Tiger's Neighborhood - S03E43-E44 - Daniel Doesn't Want To Go Potty + Daniel Sits On The Potty.mkv' due to incomplete title match.
2025-10-28 18:27:05,351 - WARNING - Skipped 'Rosie's Rules - S01E01 - Abuela's Birthday.mp4' due to incomplete title match.
2025-10-28 18:27:05,352 - INFO - Script finished.
2025-10-28 18:29:58,798 - INFO - Script started in single-series mode for directory: C:\Tools\Rename Series\Rosie's Rules
2025-10-28 18:29:59,148 - INFO - Series confirmed for this run: Rosie's Rules (ID: 425455)
2025-10-28 18:29:59,945 - INFO - Cached 89 episodes for series ID 425455.
2025-10-28 18:29:59,946 - ERROR - Failed to rename 'Abuela_s Birthday_Cat Mail.mp4': [WinError 183] Cannot create a file when that file already exists: "C:\\Tools\\Rename Series\\Rosie's Rules\\Abuela_s Birthday_Cat Mail.mp4" -> "C:\\Tools\\Rename Series\\Rosie's Rules\\Rosie's Rules - S01E01 - Abuela's Birthday.mp4"
2025-10-28 18:29:59,947 - INFO - Script finished.
2025-10-28 18:30:45,767 - INFO - Script started in single-series mode for directory: C:\Tools\Rename Series\Rosie's Rules
2025-10-28 18:30:46,123 - INFO - Series confirmed for this run: Rosie's Rules (ID: 425455)
2025-10-28 18:30:46,990 - INFO - Cached 89 episodes for series ID 425455.
2025-10-28 18:30:46,992 - INFO - Renamed 'Abuela_s Birthday_Cat Mail.mp4' to 'Rosie's Rules - S01E01 - Abuela's Birthday.mp4'.
2025-10-28 18:30:46,992 - INFO - Script finished.
2025-10-28 18:31:54,495 - INFO - Script started in single-series mode for directory: C:\Tools\Rename Series\Rosie's Rules
2025-10-28 18:31:54,913 - INFO - Series confirmed for this run: Rosie's Rules (ID: 425455)
2025-10-28 18:31:55,800 - INFO - Cached 89 episodes for series ID 425455.
2025-10-28 18:31:55,802 - INFO - Renamed 'Abuela_s Birthday_Cat Mail.mp4' to 'Rosie's Rules - S01E01 - Abuela's Birthday.mp4'.
2025-10-28 18:31:55,802 - INFO - Script finished.
2025-10-28 18:33:11,980 - INFO - Script started in single-series mode for directory: C:\Tools\Rename Series\Rosie's Rules
2025-10-28 18:33:12,329 - INFO - Series confirmed for this run: Rosie's Rules (ID: 425455)
2025-10-28 18:33:13,207 - INFO - Cached 89 episodes for series ID 425455.
2025-10-28 18:33:13,210 - INFO - Renamed 'Abuela_s Birthday_Cat Mail.mp4' to 'Rosie's Rules - S01E01E02E72 - Abuela's Birthday + Cat Mail + Abuela's Song.mp4'.
2025-10-28 18:33:13,210 - INFO - Script finished.
2025-10-28 18:35:06,802 - INFO - Script started in single-series mode for directory: C:\Tools\Rename Series\Rosie's Rules
2025-10-28 18:35:07,213 - INFO - Series confirmed for this run: Rosie's Rules (ID: 425455)
2025-10-28 18:35:08,161 - INFO - Cached 89 episodes for series ID 425455.
2025-10-28 18:35:08,167 - INFO - Renamed 'Abuela_s Birthday_Cat Mail.mp4' to 'Rosie's Rules - S01E01-E02 - Abuela's Birthday + Cat Mail.mp4'.
2025-10-28 18:35:08,167 - INFO - Script finished.
2025-10-28 18:35:57,270 - INFO - Script started in single-series mode for directory: C:\Tools\Rename Series\Rosie's Rules
2025-10-28 18:35:57,636 - INFO - Series confirmed for this run: Rosie's Rules (ID: 425455)
2025-10-28 18:35:58,412 - INFO - Cached 89 episodes for series ID 425455.
2025-10-28 18:35:58,417 - INFO - Renamed 'Abuela_s Birthday_Cat Mail.mp4' to 'Rosie's Rules - S01E01E02 - Abuela's Birthday + Cat Mail.mp4'.
2025-10-28 18:35:58,417 - INFO - Script finished.
